app/build/intermediates/manifest_merge_blame_file/debug/manifest-merger-blame-debug-report.txt
1<?xml version="1.0" encoding="utf-8"?>
2<manifest xmlns:android="http://schemas.android.com/apk/res/android"
3    package="com.rodrigoguerrero.istate"
4    android:versionCode="1"
5    android:versionName="1.0" >
6
7    <uses-sdk
8        android:minSdkVersion="21"
8-->src/main/AndroidManifest.xml
9        android:targetSdkVersion="31" />
9-->src/main/AndroidManifest.xml
10
11    <application
11-->src/main/AndroidManifest.xml:5:3-23:17
12        android:allowBackup="true"
12-->src/main/AndroidManifest.xml:6:5-31
13        android:appComponentFactory="androidx.core.app.CoreComponentFactory"
13-->[androidx.core:core:1.7.0] AndroidManifest.xml:24:18-86
14        android:debuggable="true"
15        android:icon="@drawable/ic_launcher_foreground"
15-->src/main/AndroidManifest.xml:7:5-52
16        android:label="@string/app_name"
16-->src/main/AndroidManifest.xml:8:5-37
17        android:roundIcon="@drawable/ic_launcher_foreground"
17-->src/main/AndroidManifest.xml:9:5-57
18        android:supportsRtl="true"
18-->src/main/AndroidManifest.xml:10:5-31
19        android:testOnly="true"
20        android:theme="@style/Theme.IState" >
20-->src/main/AndroidManifest.xml:11:5-40
21        <activity
21-->src/main/AndroidManifest.xml:12:5-22:16
22            android:name="com.rodrigoguerrero.istate.MainActivity"
22-->src/main/AndroidManifest.xml:13:7-61
23            android:exported="true"
23-->src/main/AndroidManifest.xml:14:7-30
24            android:label="@string/app_name"
24-->src/main/AndroidManifest.xml:15:7-39
25            android:theme="@style/Theme.IState.NoActionBar" >
25-->src/main/AndroidManifest.xml:16:7-54
26            <intent-filter>
26-->src/main/AndroidManifest.xml:17:7-21:23
27                <action android:name="android.intent.action.MAIN" />
27-->src/main/AndroidManifest.xml:18:9-61
27-->src/main/AndroidManifest.xml:18:17-58
28
29                <category android:name="android.intent.category.LAUNCHER" />
29-->src/main/AndroidManifest.xml:20:9-69
29-->src/main/AndroidManifest.xml:20:19-66
30            </intent-filter>
31        </activity>
32        <activity
32-->[androidx.compose.ui:ui-tooling:1.0.5] AndroidManifest.xml:25:9-27:39
33            android:name="androidx.compose.ui.tooling.PreviewActivity"
33-->[androidx.compose.ui:ui-tooling:1.0.5] AndroidManifest.xml:26:13-71
34            android:exported="true" />
34-->[androidx.compose.ui:ui-tooling:1.0.5] AndroidManifest.xml:27:13-36
35
36        <provider
36-->[androidx.emoji2:emoji2:1.0.0] AndroidManifest.xml:26:9-34:20
37            android:name="androidx.startup.InitializationProvider"
37-->[androidx.emoji2:emoji2:1.0.0] AndroidManifest.xml:27:13-67
38            android:authorities="com.rodrigoguerrero.istate.androidx-startup"
38-->[androidx.emoji2:emoji2:1.0.0] AndroidManifest.xml:28:13-68
39            android:exported="false" >
39-->[androidx.emoji2:emoji2:1.0.0] AndroidManifest.xml:29:13-37
40            <meta-data
40-->[androidx.emoji2:emoji2:1.0.0] AndroidManifest.xml:31:13-33:52
41                android:name="androidx.emoji2.text.EmojiCompatInitializer"
41-->[androidx.emoji2:emoji2:1.0.0] AndroidManifest.xml:32:17-75
42                android:value="androidx.startup" />
42-->[androidx.emoji2:emoji2:1.0.0] AndroidManifest.xml:33:17-49
43            <meta-data
43-->[androidx.profileinstaller:profileinstaller:1.0.4] AndroidManifest.xml:31:13-33:52
44                android:name="androidx.profileinstaller.ProfileInstallerInitializer"
44-->[androidx.profileinstaller:profileinstaller:1.0.4] AndroidManifest.xml:32:17-85
45                android:value="androidx.startup" />
45-->[androidx.profileinstaller:profileinstaller:1.0.4] AndroidManifest.xml:33:17-49
46            <meta-data
46-->[androidx.lifecycle:lifecycle-process:2.4.0] AndroidManifest.xml:31:13-33:52
47                android:name="androidx.lifecycle.ProcessLifecycleInitializer"
47-->[androidx.lifecycle:lifecycle-process:2.4.0] AndroidManifest.xml:32:17-78
48                android:value="androidx.startup" />
48-->[androidx.lifecycle:lifecycle-process:2.4.0] AndroidManifest.xml:33:17-49
49        </provider>
50
51        <receiver
51-->[androidx.profileinstaller:profileinstaller:1.0.4] AndroidManifest.xml:36:9-45:20
52            android:name="androidx.profileinstaller.ProfileInstallReceiver"
52-->[androidx.profileinstaller:profileinstaller:1.0.4] AndroidManifest.xml:37:13-76
53            android:directBootAware="false"
53-->[androidx.profileinstaller:profileinstaller:1.0.4] AndroidManifest.xml:38:13-44
54            android:enabled="true"
54-->[androidx.profileinstaller:profileinstaller:1.0.4] AndroidManifest.xml:39:13-35
55            android:exported="true"
55-->[androidx.profileinstaller:profileinstaller:1.0.4] AndroidManifest.xml:40:13-36
56            android:permission="android.permission.DUMP" >
56-->[androidx.profileinstaller:profileinstaller:1.0.4] AndroidManifest.xml:41:13-57
57            <intent-filter>
57-->[androidx.profileinstaller:profileinstaller:1.0.4] AndroidManifest.xml:42:13-44:29
58                <action android:name="androidx.profileinstaller.action.INSTALL_PROFILE" />
58-->[androidx.profileinstaller:profileinstaller:1.0.4] AndroidManifest.xml:43:17-91
58-->[androidx.profileinstaller:profileinstaller:1.0.4] AndroidManifest.xml:43:25-88
59            </intent-filter>
60        </receiver>
61    </application>
62
63</manifest>